Wed Aug 15 17:38:52 EDT 2018
i21b-s3.ufhpc
/ufrc/ewhite/s.marconi/Chapter1/AOP_from_coords/src

Searching for an available X11 port number

X11 port number '6755 has been selected
Starting Xpra on port 6755 within SLURM job '23975133'

TMPDIR: '/scratch/local/23975133'

Command:  xpra start :6755 --exit-with-children --daemon=no --systemd-run=no --dbus-proxy=no --dbus-control=no  --start-child="rstudio --dpi=96"
2018-08-15 17:38:54,844 cannot access python uinput module:
2018-08-15 17:38:54,845  No module named uinput

X.Org X Server 1.19.3
Release Date: 2017-03-15
X Protocol Version 11, Revision 0
Build Operating System:  2.6.32-696.13.2.el6.x86_64 
Current Operating System: Linux i21b-s3.ufhpc 3.10.0-693.17.1.el7.x86_64 #1 SMP Sun Jan 14 10:36:03 EST 2018 x86_64
Kernel command line: BOOT_IMAGE=/vmlinuz-3.10.0-693.17.1.el7.x86_64 root=UUID=b3d59bda-15e6-40ee-ad12-2993d134b3fe ro max_loop=32 crashkernel=auto console=ttyS0,115200n8 console=tty0 pcie_aspm=off elevator=noop rd_NO_DM transparent_hugepage=never
Build Date: 11 December 2017  04:29:14PM
Build ID: xorg-x11-server 1.19.3-11.el7_4.1 
Current version of pixman: 0.34.0
	Before reporting problems, check http://wiki.x.org
	to make sure that you have the latest version.
Markers: (--) probed, (**) from config file, (==) default setting,
	(++) from command line, (!!) notice, (II) informational,
	(WW) warning, (EE) error, (NI) not implemented, (??) unknown.
(++) Log file: "/scratch/local/23975133/s.marconi/xpra/Xorg.:6755.log", Time: Wed Aug 15 17:38:54 2018
(++) Using config file: "/etc/xpra/xorg.conf"
(==) Using system config directory "/usr/share/X11/xorg.conf.d"
2018-08-15 17:38:59,277 Warning: failed to create socket directory '/run/user/4055/xpra'
2018-08-15 17:38:59,277  [Errno 2] No such file or directory: '/run/user/4055/xpra'
2018-08-15 17:38:59,278 Warning: cannot create socket '/run/user/4055/xpra/i21b-s3.ufhpc-6755':
2018-08-15 17:38:59,278  [Errno 2] No such file or directory
2018-08-15 17:38:59,278  ($XDG_RUNTIME_DIR has not been created?)
2018-08-15 17:38:59,280 created unix domain socket: /home/s.marconi/.xpra/i21b-s3.ufhpc-6755
2018-08-15 17:38:59,280 Warning: cannot create socket '/run/xpra/i21b-s3.ufhpc-6755'
2018-08-15 17:38:59,280  [Errno 13] Permission denied
2018-08-15 17:38:59,281  user 's.marconi' is a member of groups: no groups!
2018-08-15 17:38:59,281   missing 'xpra' group membership?
2018-08-15 17:38:59,281   permissions on directory /run/xpra: 0775
2018-08-15 17:38:59,281   ownership root:xpra
2018-08-15 17:38:59,731 pointer device emulation using XTest
2018-08-15 17:39:00,518 html server unavailable, cannot find websockify module
2018-08-15 17:39:00,592 Warning: webcam forwarding is disabled
2018-08-15 17:39:00,592  the virtual video directory '/sys/devices/virtual/video4linux' was not found
2018-08-15 17:39:00,593  make sure that the 'v4l2loopback' kernel module is installed and loaded
2018-08-15 17:39:00,593 found 0 virtual video devices for webcam forwarding
2018-08-15 17:39:00,598 pulseaudio not started: 'pulseaudio' command not found
2018-08-15 17:39:00,598 Error: failed to query sound subsystem:
2018-08-15 17:39:00,598  No module named sound.common
2018-08-15 17:39:00,599 D-Bus notification forwarding is available
2018-08-15 17:39:00,621 started command 'rstudio' with pid 10670
2018-08-15 17:39:00,622 xpra X11 version 2.2.6-r18968 64-bit
2018-08-15 17:39:00,622  uid=4055 (s.marconi), gid=3533 (ewhite)
2018-08-15 17:39:00,622  running with pid 10142 on Linux RedHatEnterpriseServer 7.4 Maipo
2018-08-15 17:39:00,623  connected to X11 display :6755 with 24 bit colors
2018-08-15 17:39:00,798 xpra is ready.
2018-08-15 17:39:00,815 printer forwarding enabled using postscript and pdf
2018-08-15 17:39:00,816 125.3GB of system memory
load glyph failed err=6 face=0x2277e60, glyph=4272
load glyph failed err=6 face=0x2277e60, glyph=4272
slurmstepd: error: *** JOB 23975133 ON i21b-s3 CANCELLED AT 2018-08-15T18:06:49 ***
